\BOOKMARK [1][-]{tableofcontents.1}{Contents}{}% 1
\BOOKMARK [1][-]{lof.1}{List of Figures}{}% 2
\BOOKMARK [1][-]{lot.1}{List of Tables}{}% 3
\BOOKMARK [1][-]{acronyms.1}{Acronyms}{}% 4
\BOOKMARK [1][-]{Dedication.1}{Dedication}{}% 5
\BOOKMARK [1][-]{Abstract.1}{Abstract}{}% 6
\BOOKMARK [0][]{declaration.0}{Declaration}{}% 7
\BOOKMARK [1][-]{acknowledgments.1}{Acknowledgments}{declaration.0}% 8
\BOOKMARK [0][]{chapter.1}{1 Introduction}{}% 9
\BOOKMARK [1][-]{section.1.1}{1.1 Array CGH}{chapter.1}% 10
\BOOKMARK [1][-]{section.1.2}{1.2 Copy Number Variation \(CNV\)}{chapter.1}% 11
\BOOKMARK [1][-]{section.1.3}{1.3 Application of array CGH in clinical setting}{chapter.1}% 12
\BOOKMARK [1][-]{section.1.4}{1.4 Patient to patient hybridisation}{chapter.1}% 13
\BOOKMARK [1][-]{section.1.5}{1.5 The rationale for the project}{chapter.1}% 14
\BOOKMARK [1][-]{section.1.6}{1.6 Project Aims}{chapter.1}% 15
\BOOKMARK [1][-]{section.1.7}{1.7 Array Design}{chapter.1}% 16
\BOOKMARK [2][-]{subsection.1.7.1}{1.7.1 Feature Extraction}{section.1.7}% 17
\BOOKMARK [2][-]{subsection.1.7.2}{1.7.2 Feature extraction file}{section.1.7}% 18
\BOOKMARK [1][-]{section.1.8}{1.8 Use of algorithms to detect copy number variation}{chapter.1}% 19
\BOOKMARK [2][-]{subsection.1.8.1}{1.8.1 Z score algorithm}{section.1.8}% 20
\BOOKMARK [2][-]{subsection.1.8.2}{1.8.2 Aberration Detection Method \(ADM-1/ADM-2\)}{section.1.8}% 21
\BOOKMARK [2][-]{subsection.1.8.3}{1.8.3 Circular binary segmentation \(CBS\)}{section.1.8}% 22
\BOOKMARK [2][-]{subsection.1.8.4}{1.8.4 Hidden Markov Model}{section.1.8}% 23
\BOOKMARK [2][-]{subsection.1.8.5}{1.8.5 Algorithm Performance}{section.1.8}% 24
\BOOKMARK [1][-]{section.1.9}{1.9 Data storage and manipulation}{chapter.1}% 25
\BOOKMARK [2][-]{subsection.1.9.1}{1.9.1 Relational database}{section.1.9}% 26
\BOOKMARK [2][-]{subsection.1.9.2}{1.9.2 Non-relational database}{section.1.9}% 27
\BOOKMARK [2][-]{subsection.1.9.3}{1.9.3 Interacting with databases}{section.1.9}% 28
\BOOKMARK [2][-]{subsection.1.9.4}{1.9.4 R statistical software package}{section.1.9}% 29
\BOOKMARK [0][]{chapter.2}{2 Methods}{}% 30
\BOOKMARK [1][-]{section.2.1}{2.1 Shared Imbalance Detection tool \(SID\)}{chapter.2}% 31
\BOOKMARK [1][-]{section.2.2}{2.2 Requirements gathering}{chapter.2}% 32
\BOOKMARK [2][-]{subsection.2.2.1}{2.2.1 Functional requirements}{section.2.2}% 33
\BOOKMARK [2][-]{subsection.2.2.2}{2.2.2 Non functional requirements}{section.2.2}% 34
\BOOKMARK [1][-]{section.2.3}{2.3 Project management}{chapter.2}% 35
\BOOKMARK [1][-]{section.2.4}{2.4 Database infrastructure}{chapter.2}% 36
\BOOKMARK [2][-]{subsection.2.4.1}{2.4.1 SQL Server}{section.2.4}% 37
\BOOKMARK [2][-]{subsection.2.4.2}{2.4.2 Migration from development server \(MYSQL\) to production server \(MSSQL\)}{section.2.4}% 38
\BOOKMARK [2][-]{subsection.2.4.3}{2.4.3 HeidiSQL client}{section.2.4}% 39
\BOOKMARK [1][-]{section.2.5}{2.5 SID - database design}{chapter.2}% 40
\BOOKMARK [2][-]{subsection.2.5.1}{2.5.1 Indexes/keys}{section.2.5}% 41
\BOOKMARK [1][-]{section.2.6}{2.6 Importing and processing feature extraction files}{chapter.2}% 42
\BOOKMARK [2][-]{subsection.2.6.1}{2.6.1 Python}{section.2.6}% 43
\BOOKMARK [2][-]{subsection.2.6.2}{2.6.2 Version control}{section.2.6}% 44
\BOOKMARK [1][-]{section.2.7}{2.7 SID - Processing Feature extraction files}{chapter.2}% 45
\BOOKMARK [1][-]{section.2.8}{2.8 Detection of CNV}{chapter.2}% 46
\BOOKMARK [2][-]{subsection.2.8.1}{2.8.1 Choice of algorithm \(Z score\)}{section.2.8}% 47
\BOOKMARK [2][-]{subsection.2.8.2}{2.8.2 Creating a normal reference range}{section.2.8}% 48
\BOOKMARK [2][-]{subsection.2.8.3}{2.8.3 Determining if a probe is normal or abnormal}{section.2.8}% 49
\BOOKMARK [2][-]{subsection.2.8.4}{2.8.4 Duplicated probes}{section.2.8}% 50
\BOOKMARK [2][-]{subsection.2.8.5}{2.8.5 Determining if a region is normal or abnormal}{section.2.8}% 51
\BOOKMARK [1][-]{section.2.9}{2.9 Creation of true positive feature extraction files}{chapter.2}% 52
\BOOKMARK [2][-]{subsection.2.9.1}{2.9.1 Training cases}{section.2.9}% 53
\BOOKMARK [2][-]{subsection.2.9.2}{2.9.2 Test cases \(EvE\)}{section.2.9}% 54
\BOOKMARK [2][-]{subsection.2.9.3}{2.9.3 Prospective trial}{section.2.9}% 55
\BOOKMARK [1][-]{section.2.10}{2.10 Definition of true positive and false positive calls}{chapter.2}% 56
\BOOKMARK [2][-]{subsection.2.10.1}{2.10.1 Unknown true positive calls}{section.2.10}% 57
\BOOKMARK [0][]{chapter.3}{3 Results}{}% 58
\BOOKMARK [1][-]{section.3.1}{3.1 Training cases}{chapter.3}% 59
\BOOKMARK [2][-]{subsection.3.1.1}{3.1.1 Z score threshold}{section.3.1}% 60
\BOOKMARK [2][-]{subsection.3.1.2}{3.1.2 Removal of cases with high false positive calls}{section.3.1}% 61
\BOOKMARK [2][-]{subsection.3.1.3}{3.1.3 Comparison of true positive and false positive calls}{section.3.1}% 62
\BOOKMARK [1][-]{section.3.2}{3.2 Test Cases}{chapter.3}% 63
\BOOKMARK [2][-]{subsection.3.2.1}{3.2.1 A greater sensitivity was seen using more representative feature extraction files}{section.3.2}% 64
\BOOKMARK [1][-]{section.3.3}{3.3 Prospective cases}{chapter.3}% 65
\BOOKMARK [1][-]{section.3.4}{3.4 Performance of SID}{chapter.3}% 66
\BOOKMARK [0][]{chapter.4}{4 Discussion}{}% 67
\BOOKMARK [1][-]{section.4.1}{4.1 Suitability of SID}{chapter.4}% 68
\BOOKMARK [1][-]{section.4.2}{4.2 Z score threshold to define a probe as abnormal}{chapter.4}% 69
\BOOKMARK [1][-]{section.4.3}{4.3 Combining overlapping trios of abnormal probes}{chapter.4}% 70
\BOOKMARK [1][-]{section.4.4}{4.4 Benign CNVs}{chapter.4}% 71
\BOOKMARK [1][-]{section.4.5}{4.5 Calls smaller than 5 calls}{chapter.4}% 72
\BOOKMARK [1][-]{section.4.6}{4.6 Different thresholds for gain/loss}{chapter.4}% 73
\BOOKMARK [1][-]{section.4.7}{4.7 Alternative approaches to consecutive probes analysis}{chapter.4}% 74
\BOOKMARK [2][-]{subsection.4.7.1}{4.7.1 Larger sliding windows}{section.4.7}% 75
\BOOKMARK [2][-]{subsection.4.7.2}{4.7.2 Sliding window - Regions of interest}{section.4.7}% 76
\BOOKMARK [1][-]{section.4.8}{4.8 Further work}{chapter.4}% 77
\BOOKMARK [2][-]{subsection.4.8.1}{4.8.1 Sex Chromosomes}{section.4.8}% 78
\BOOKMARK [2][-]{subsection.4.8.2}{4.8.2 Sample Type}{section.4.8}% 79
\BOOKMARK [2][-]{subsection.4.8.3}{4.8.3 What happens when shared CNV is detected?}{section.4.8}% 80
\BOOKMARK [2][-]{subsection.4.8.4}{4.8.4 Exporting results to LIMS}{section.4.8}% 81
\BOOKMARK [2][-]{subsection.4.8.5}{4.8.5 Initiation of SID}{section.4.8}% 82
\BOOKMARK [2][-]{subsection.4.8.6}{4.8.6 Migration of database to the server}{section.4.8}% 83
\BOOKMARK [1][-]{section.4.9}{4.9 Long term management of SID}{chapter.4}% 84
\BOOKMARK [2][-]{subsection.4.9.1}{4.9.1 Unit test}{section.4.9}% 85
\BOOKMARK [2][-]{subsection.4.9.2}{4.9.2 Recalculation of the reference range}{section.4.9}% 86
\BOOKMARK [2][-]{subsection.4.9.3}{4.9.3 Truncating the database to maintain performance}{section.4.9}% 87
\BOOKMARK [2][-]{subsection.4.9.4}{4.9.4 Contingency plan}{section.4.9}% 88
\BOOKMARK [2][-]{subsection.4.9.5}{4.9.5 Database backup}{section.4.9}% 89
\BOOKMARK [2][-]{subsection.4.9.6}{4.9.6 Validation}{section.4.9}% 90
\BOOKMARK [2][-]{subsection.4.9.7}{4.9.7 Documentation}{section.4.9}% 91
\BOOKMARK [1][-]{section.4.10}{4.10 Future considerations}{chapter.4}% 92
\BOOKMARK [2][-]{subsection.4.10.1}{4.10.1 Array redesign/multiple array platforms}{section.4.10}% 93
\BOOKMARK [0][]{chapter.5}{5 Conclusion}{}% 94
\BOOKMARK [0][]{dummy.7}{Bibliography}{}% 95
\BOOKMARK [0][]{colophon.0}{Colophon}{}% 96
